Thu Jan 11 21:01:15 Loaded file C:\PROGRAM FILES\ORCAD\LAYOUT_PLUS\LIBRARY\BCON100T.LLB
Thu Jan 11 21:01:15 Loaded file C:\PROGRAM FILES\ORCAD\LAYOUT_PLUS\LIBRARY\BCON156T.LLB
Thu Jan 11 21:01:15 Loaded file C:\PROGRAM FILES\ORCAD\LAYOUT_PLUS\LIBRARY\BGA.LLB
Thu Jan 11 21:01:15 Loaded file C:\PROGRAM FILES\ORCAD\LAYOUT_PLUS\LIBRARY\CLCC.LLB
Thu Jan 11 21:01:15 Loaded file C:\PROGRAM FILES\ORCAD\LAYOUT_PLUS\LIBRARY\DCON050T.LLB
Thu Jan 11 21:01:15 Loaded file C:\PROGRAM FILES\ORCAD\LAYOUT_PLUS\LIBRARY\DCON085T.LLB
Thu Jan 11 21:01:15 Loaded file C:\PROGRAM FILES\ORCAD\LAYOUT_PLUS\LIBRARY\DIMM050F.LLB
Thu Jan 11 21:01:15 Loaded file C:\PROGRAM FILES\ORCAD\LAYOUT_PLUS\LIBRARY\DIMM050T.LLB
Thu Jan 11 21:01:15 Loaded file C:\PROGRAM FILES\ORCAD\LAYOUT_PLUS\LIBRARY\DIN.LLB
Thu Jan 11 21:01:15 Loaded file C:\PROGRAM FILES\ORCAD\LAYOUT_PLUS\LIBRARY\DIP100B.LLB
Thu Jan 11 21:01:15 Loaded file C:\PROGRAM FILES\ORCAD\LAYOUT_PLUS\LIBRARY\DIP100T.LLB
Thu Jan 11 21:01:15 Loaded file C:\PROGRAM FILES\ORCAD\LAYOUT_PLUS\LIBRARY\DSUBT.LLB
Thu Jan 11 21:01:15 Loaded file C:\PROGRAM FILES\ORCAD\LAYOUT_PLUS\LIBRARY\DSUBT_HD.LLB
Thu Jan 11 21:01:15 Loaded file C:\PROGRAM FILES\ORCAD\LAYOUT_PLUS\LIBRARY\ECON100T.LLB
Thu Jan 11 21:01:15 Loaded file C:\PROGRAM FILES\ORCAD\LAYOUT_PLUS\LIBRARY\EMPTY.LLB
Thu Jan 11 21:01:15 Loaded file C:\PROGRAM FILES\ORCAD\LAYOUT_PLUS\LIBRARY\EX_GUI.LLB
Thu Jan 11 21:01:15 Loaded file C:\PROGRAM FILES\ORCAD\LAYOUT_PLUS\LIBRARY\FBUS.LLB
Thu Jan 11 21:01:15 Loaded file C:\PROGRAM FILES\ORCAD\LAYOUT_PLUS\LIBRARY\ISA.LLB
Thu Jan 11 21:01:15 Loaded file C:\PROGRAM FILES\ORCAD\LAYOUT_PLUS\LIBRARY\JUMPER.LLB
Thu Jan 11 21:01:15 Loaded file C:\PROGRAM FILES\ORCAD\LAYOUT_PLUS\LIBRARY\LAYOUT.LLB
Thu Jan 11 21:01:15 Loaded file C:\PROGRAM FILES\ORCAD\LAYOUT_PLUS\LIBRARY\LCON100T.LLB
Thu Jan 11 21:01:15 Loaded file C:\PROGRAM FILES\ORCAD\LAYOUT_PLUS\LIBRARY\METRIC.LLB
Thu Jan 11 21:01:15 Loaded file C:\PROGRAM FILES\ORCAD\LAYOUT_PLUS\LIBRARY\PADSTACK.LLB
Thu Jan 11 21:01:15 Loaded file C:\PROGRAM FILES\ORCAD\LAYOUT_PLUS\LIBRARY\PC104.LLB
Thu Jan 11 21:01:15 Loaded file C:\PROGRAM FILES\ORCAD\LAYOUT_PLUS\LIBRARY\PCI.LLB
Thu Jan 11 21:01:15 Loaded file C:\PROGRAM FILES\ORCAD\LAYOUT_PLUS\LIBRARY\PCON100T.LLB
Thu Jan 11 21:01:15 Loaded file C:\PROGRAM FILES\ORCAD\LAYOUT_PLUS\LIBRARY\PCON156T.LLB
Thu Jan 11 21:01:15 Loaded file C:\PROGRAM FILES\ORCAD\LAYOUT_PLUS\LIBRARY\PGA.LLB
Thu Jan 11 21:01:15 Loaded file C:\PROGRAM FILES\ORCAD\LAYOUT_PLUS\LIBRARY\PLCC.LLB
Thu Jan 11 21:01:15 Loaded file C:\PROGRAM FILES\ORCAD\LAYOUT_PLUS\LIBRARY\QUAD.LLB
Thu Jan 11 21:01:15 Loaded file C:\PROGRAM FILES\ORCAD\LAYOUT_PLUS\LIBRARY\QUADB.LLB
Thu Jan 11 21:01:15 Loaded file C:\PROGRAM FILES\ORCAD\LAYOUT_PLUS\LIBRARY\RELAY.LLB
Thu Jan 11 21:01:15 Loaded file C:\PROGRAM FILES\ORCAD\LAYOUT_PLUS\LIBRARY\RF.LLB
Thu Jan 11 21:01:15 Loaded file C:\PROGRAM FILES\ORCAD\LAYOUT_PLUS\LIBRARY\SBUS.LLB
Thu Jan 11 21:01:15 Loaded file C:\PROGRAM FILES\ORCAD\LAYOUT_PLUS\LIBRARY\SIMM050F.LLB
Thu Jan 11 21:01:15 Loaded file C:\PROGRAM FILES\ORCAD\LAYOUT_PLUS\LIBRARY\SIMM050T.LLB
Thu Jan 11 21:01:15 Loaded file C:\PROGRAM FILES\ORCAD\LAYOUT_PLUS\LIBRARY\SIMM100F.LLB
Thu Jan 11 21:01:15 Loaded file C:\PROGRAM FILES\ORCAD\LAYOUT_PLUS\LIBRARY\SIMM100T.LLB
Thu Jan 11 21:01:15 Loaded file C:\PROGRAM FILES\ORCAD\LAYOUT_PLUS\LIBRARY\SIP.LLB
Thu Jan 11 21:01:15 Loaded file C:\PROGRAM FILES\ORCAD\LAYOUT_PLUS\LIBRARY\SM.LLB
Thu Jan 11 21:01:15 Loaded file C:\PROGRAM FILES\ORCAD\LAYOUT_PLUS\LIBRARY\SOG.LLB
Thu Jan 11 21:01:15 Loaded file C:\PROGRAM FILES\ORCAD\LAYOUT_PLUS\LIBRARY\SOJ.LLB
Thu Jan 11 21:01:15 Loaded file C:\PROGRAM FILES\ORCAD\LAYOUT_PLUS\LIBRARY\STIFF.LLB
Thu Jan 11 21:01:15 Loaded file C:\PROGRAM FILES\ORCAD\LAYOUT_PLUS\LIBRARY\TELE.LLB
Thu Jan 11 21:01:15 Loaded file C:\PROGRAM FILES\ORCAD\LAYOUT_PLUS\LIBRARY\TM_AXIAL.LLB
Thu Jan 11 21:01:15 Loaded file C:\PROGRAM FILES\ORCAD\LAYOUT_PLUS\LIBRARY\TM_CAP_P.LLB
Thu Jan 11 21:01:15 Loaded file C:\PROGRAM FILES\ORCAD\LAYOUT_PLUS\LIBRARY\TM_CYLND.LLB
Thu Jan 11 21:01:15 Loaded file C:\PROGRAM FILES\ORCAD\LAYOUT_PLUS\LIBRARY\TM_DIODE.LLB
Thu Jan 11 21:01:15 Loaded file C:\PROGRAM FILES\ORCAD\LAYOUT_PLUS\LIBRARY\TM_DISC.LLB
Thu Jan 11 21:01:15 Loaded file C:\PROGRAM FILES\ORCAD\LAYOUT_PLUS\LIBRARY\TM_RAD.LLB
Thu Jan 11 21:01:15 Loaded file C:\PROGRAM FILES\ORCAD\LAYOUT_PLUS\LIBRARY\TO.LLB
Thu Jan 11 21:01:15 Loaded file C:\PROGRAM FILES\ORCAD\LAYOUT_PLUS\LIBRARY\TRAINING.LLB
Thu Jan 11 21:01:15 Loaded file C:\PROGRAM FILES\ORCAD\LAYOUT_PLUS\LIBRARY\VRES.LLB
Thu Jan 11 21:01:15 Loaded file C:\PROGRAM FILES\ORCAD\LAYOUT_PLUS\LIBRARY\WCON100T.LLB
Thu Jan 11 21:01:15 Loaded file C:\PROGRAM FILES\ORCAD\LAYOUT_PLUS\LIBRARY\XT.LLB
Thu Jan 11 21:01:15 Loaded file C:\PROGRAM FILES\ORCAD\LAYOUT_PLUS\LIBRARY\ZIGZAG.LLB
